<?xml version="1.0" encoding="UTF-8"?>
<!-- Generated by org.testng.reporters.JUnitXMLReporter -->
<testsuite hostname="DESKTOP-PRFL5GG" name="Test" tests="3" failures="0" timestamp="18 Jul 2019 09:03:17 GMT" time="37.123" errors="0">
  <testcase name="VerifySigninpage" time="0.016" classname="signin.tests.VerifySignIn"/>
  <testcase name="VerifySigninpag" time="0.011" classname="signin.tests.VerifySignIn"/>
  <testcase name="verifyDepartment" time="2.207" classname="signin.tests.VerifySignIn"/>
</testsuite> <!-- Test -->
